<?xml version="1.0" encoding="UTF-8"?>
<testsuite xmlns:xsi="http://www.w3.org/2001/XMLSchema-instance" xsi:noNamespaceSchemaLocation="https://maven.apache.org/surefire/maven-surefire-plugin/xsd/surefire-test-report-3.0.xsd" version="3.0" name="LibroTest" time="0.12" tests="4" errors="0" skipped="0" failures="0">
  <properties>
[...]
</properties>
  <testcase name="deberiaPrestarLibroDisponible" classname="LibroTest" time="0.048">
    <system-out><![CDATA[Prestando libro: 1984
]]></system-out>
  </testcase>
  <testcase name="deberiaDevolverLibroPrestado" classname="LibroTest" time="0.004">
    <system-out><![CDATA[Prestando libro: 1984
]]></system-out>
  </testcase>
  <testcase name="deberiaCrearLibroDisponible" classname="LibroTest" time="0.007"/>
  <testcase name="deberiaLanzarErrorAlPrestarLibroNoDisponible" classname="LibroTest" time="0.006">
    <system-out><![CDATA[Prestando libro: 1984
Prestando libro: 1984
]]></system-out>
  </testcase>
</testsuite>